[23:09:40:471] [INFO] - org.springframework.boot.StartupInfoLogger.logStarting(StartupInfoLogger.java:51) - Starting SpringBootLog4j2Application using Java 17.0.2 with PID 15048 (/Users/lizhifu/Documents/workspace/spring-learn/spring-boot-log4j2/target/classes started by lizhifu in /Users/lizhifu/Documents/workspace/spring-learn)
[23:09:40:488] [INFO] - org.springframework.boot.SpringApplication.logStartupProfileInfo(SpringApplication.java:633) - No active profile set, falling back to 1 default profile: "default"
[23:09:41:242] [INFO] - org.springframework.boot.web.embedded.tomcat.TomcatWebServer.initialize(TomcatWebServer.java:108) - Tomcat initialized with port(s): 8080 (http)
[23:09:41:253] [INFO] - org.apache.juli.logging.DirectJDKLog.log(DirectJDKLog.java:173) - Initializing ProtocolHandler ["http-nio-8080"]
[23:09:41:256] [INFO] - org.apache.juli.logging.DirectJDKLog.log(DirectJDKLog.java:173) - Starting service [Tomcat]
[23:09:41:257] [INFO] - org.apache.juli.logging.DirectJDKLog.log(DirectJDKLog.java:173) - Starting Servlet engine: [Apache Tomcat/10.1.8]
[23:09:41:340] [INFO] - org.apache.juli.logging.DirectJDKLog.log(DirectJDKLog.java:173) - Initializing Spring embedded WebApplicationContext
[23:09:41:340] [INFO] - org.springframework.boot.web.servlet.context.ServletWebServerApplicationContext.prepareWebApplicationContext(ServletWebServerApplicationContext.java:291) - Root WebApplicationContext: initialization completed in 800 ms
[23:09:41:688] [INFO] - org.apache.juli.logging.DirectJDKLog.log(DirectJDKLog.java:173) - Starting ProtocolHandler ["http-nio-8080"]
[23:09:41:707] [INFO] - org.springframework.boot.web.embedded.tomcat.TomcatWebServer.start(TomcatWebServer.java:220) - Tomcat started on port(s): 8080 (http) with context path ''
[23:09:41:718] [INFO] - org.springframework.boot.StartupInfoLogger.logStarted(StartupInfoLogger.java:57) - Started SpringBootLog4j2Application in 1.816 seconds (process running for 2.946)
[23:12:48:263] [INFO] - org.springframework.boot.StartupInfoLogger.logStarting(StartupInfoLogger.java:51) - Starting SpringBootLog4j2Application using Java 17.0.2 with PID 15095 (/Users/lizhifu/Documents/workspace/spring-learn/spring-boot-log4j2/target/classes started by lizhifu in /Users/lizhifu/Documents/workspace/spring-learn)
[23:12:48:272] [INFO] - org.springframework.boot.SpringApplication.logStartupProfileInfo(SpringApplication.java:633) - No active profile set, falling back to 1 default profile: "default"
[23:12:49:293] [INFO] - org.springframework.boot.web.embedded.tomcat.TomcatWebServer.initialize(TomcatWebServer.java:108) - Tomcat initialized with port(s): 8080 (http)
[23:12:49:304] [INFO] - org.apache.juli.logging.DirectJDKLog.log(DirectJDKLog.java:173) - Initializing ProtocolHandler ["http-nio-8080"]
[23:12:49:305] [INFO] - org.apache.juli.logging.DirectJDKLog.log(DirectJDKLog.java:173) - Starting service [Tomcat]
[23:12:49:305] [INFO] - org.apache.juli.logging.DirectJDKLog.log(DirectJDKLog.java:173) - Starting Servlet engine: [Apache Tomcat/10.1.8]
[23:12:49:399] [INFO] - org.apache.juli.logging.DirectJDKLog.log(DirectJDKLog.java:173) - Initializing Spring embedded WebApplicationContext
[23:12:49:399] [INFO] - org.springframework.boot.web.servlet.context.ServletWebServerApplicationContext.prepareWebApplicationContext(ServletWebServerApplicationContext.java:291) - Root WebApplicationContext: initialization completed in 1069 ms
[23:12:49:742] [INFO] - org.apache.juli.logging.DirectJDKLog.log(DirectJDKLog.java:173) - Starting ProtocolHandler ["http-nio-8080"]
[23:12:49:757] [INFO] - org.springframework.boot.web.embedded.tomcat.TomcatWebServer.start(TomcatWebServer.java:220) - Tomcat started on port(s): 8080 (http) with context path ''
[23:12:49:764] [INFO] - org.springframework.boot.StartupInfoLogger.logStarted(StartupInfoLogger.java:57) - Started SpringBootLog4j2Application in 2.071 seconds (process running for 3.08)
[23:12:56:734] [INFO] - org.apache.juli.logging.DirectJDKLog.log(DirectJDKLog.java:173) - Initializing Spring DispatcherServlet 'dispatcherServlet'
[23:12:56:735] [INFO] - org.springframework.web.servlet.FrameworkServlet.initServletBean(FrameworkServlet.java:532) - Initializing Servlet 'dispatcherServlet'
[23:12:56:736] [INFO] - org.springframework.web.servlet.FrameworkServlet.initServletBean(FrameworkServlet.java:554) - Completed initialization in 1 ms
[23:12:56:766] [INFO] - com.spring.boot.log4j2.HelloController.hello(HelloController.java:20) - info 日志..... 
[23:12:56:766] [WARN] - com.spring.boot.log4j2.HelloController.hello(HelloController.java:21) - warn 日志...
[23:12:56:767] [ERROR] - com.spring.boot.log4j2.HelloController.hello(HelloController.java:22) - error 日志...
[23:12:57:278] [INFO] - com.spring.boot.log4j2.HelloController.hello(HelloController.java:20) - info 日志..... 
[23:12:57:278] [WARN] - com.spring.boot.log4j2.HelloController.hello(HelloController.java:21) - warn 日志...
[23:12:57:279] [ERROR] - com.spring.boot.log4j2.HelloController.hello(HelloController.java:22) - error 日志...
[23:12:57:504] [INFO] - com.spring.boot.log4j2.HelloController.hello(HelloController.java:20) - info 日志..... 
[23:12:57:526] [WARN] - com.spring.boot.log4j2.HelloController.hello(HelloController.java:21) - warn 日志...
[23:12:57:528] [ERROR] - com.spring.boot.log4j2.HelloController.hello(HelloController.java:22) - error 日志...
[23:12:57:673] [INFO] - com.spring.boot.log4j2.HelloController.hello(HelloController.java:20) - info 日志..... 
[23:12:57:674] [WARN] - com.spring.boot.log4j2.HelloController.hello(HelloController.java:21) - warn 日志...
[23:12:57:674] [ERROR] - com.spring.boot.log4j2.HelloController.hello(HelloController.java:22) - error 日志...
[23:12:57:854] [INFO] - com.spring.boot.log4j2.HelloController.hello(HelloController.java:20) - info 日志..... 
[23:12:57:854] [WARN] - com.spring.boot.log4j2.HelloController.hello(HelloController.java:21) - warn 日志...
[23:12:57:855] [ERROR] - com.spring.boot.log4j2.HelloController.hello(HelloController.java:22) - error 日志...
[23:12:58:018] [INFO] - com.spring.boot.log4j2.HelloController.hello(HelloController.java:20) - info 日志..... 
[23:12:58:018] [WARN] - com.spring.boot.log4j2.HelloController.hello(HelloController.java:21) - warn 日志...
[23:12:58:018] [ERROR] - com.spring.boot.log4j2.HelloController.hello(HelloController.java:22) - error 日志...
[23:14:40:760] [INFO] - org.springframework.boot.StartupInfoLogger.logStarting(StartupInfoLogger.java:51) - Starting SpringBootLog4j2Application using Java 17.0.2 with PID 15123 (/Users/lizhifu/Documents/workspace/spring-learn/spring-boot-log4j2/target/classes started by lizhifu in /Users/lizhifu/Documents/workspace/spring-learn)
[23:14:40:770] [INFO] - org.springframework.boot.SpringApplication.logStartupProfileInfo(SpringApplication.java:633) - No active profile set, falling back to 1 default profile: "default"
[23:14:41:692] [INFO] - org.springframework.boot.web.embedded.tomcat.TomcatWebServer.initialize(TomcatWebServer.java:108) - Tomcat initialized with port(s): 8080 (http)
[23:14:41:703] [INFO] - org.apache.juli.logging.DirectJDKLog.log(DirectJDKLog.java:173) - Initializing ProtocolHandler ["http-nio-8080"]
[23:14:41:704] [INFO] - org.apache.juli.logging.DirectJDKLog.log(DirectJDKLog.java:173) - Starting service [Tomcat]
[23:14:41:704] [INFO] - org.apache.juli.logging.DirectJDKLog.log(DirectJDKLog.java:173) - Starting Servlet engine: [Apache Tomcat/10.1.8]
[23:14:41:786] [INFO] - org.apache.juli.logging.DirectJDKLog.log(DirectJDKLog.java:173) - Initializing Spring embedded WebApplicationContext
[23:14:41:786] [INFO] - org.springframework.boot.web.servlet.context.ServletWebServerApplicationContext.prepareWebApplicationContext(ServletWebServerApplicationContext.java:291) - Root WebApplicationContext: initialization completed in 951 ms
[23:14:42:098] [INFO] - org.apache.juli.logging.DirectJDKLog.log(DirectJDKLog.java:173) - Starting ProtocolHandler ["http-nio-8080"]
[23:14:42:113] [INFO] - org.springframework.boot.web.embedded.tomcat.TomcatWebServer.start(TomcatWebServer.java:220) - Tomcat started on port(s): 8080 (http) with context path ''
[23:14:42:121] [INFO] - org.springframework.boot.StartupInfoLogger.logStarted(StartupInfoLogger.java:57) - Started SpringBootLog4j2Application in 1.931 seconds (process running for 2.955)
[23:14:50:399] [INFO] - org.apache.juli.logging.DirectJDKLog.log(DirectJDKLog.java:173) - Initializing Spring DispatcherServlet 'dispatcherServlet'
[23:14:50:400] [INFO] - org.springframework.web.servlet.FrameworkServlet.initServletBean(FrameworkServlet.java:532) - Initializing Servlet 'dispatcherServlet'
[23:14:50:401] [INFO] - org.springframework.web.servlet.FrameworkServlet.initServletBean(FrameworkServlet.java:554) - Completed initialization in 1 ms
[23:14:50:428] [INFO] - com.spring.boot.log4j2.HelloController.hello(HelloController.java:20) - info 日志..... 
[23:14:50:428] [WARN] - com.spring.boot.log4j2.HelloController.hello(HelloController.java:21) - warn 日志...
[23:14:50:429] [ERROR] - com.spring.boot.log4j2.HelloController.hello(HelloController.java:22) - error 日志...
[23:14:50:649] [INFO] - com.spring.boot.log4j2.HelloController.hello(HelloController.java:20) - info 日志..... 
[23:14:50:650] [WARN] - com.spring.boot.log4j2.HelloController.hello(HelloController.java:21) - warn 日志...
[23:14:50:651] [ERROR] - com.spring.boot.log4j2.HelloController.hello(HelloController.java:22) - error 日志...
[23:14:50:829] [INFO] - com.spring.boot.log4j2.HelloController.hello(HelloController.java:20) - info 日志..... 
[23:14:50:829] [WARN] - com.spring.boot.log4j2.HelloController.hello(HelloController.java:21) - warn 日志...
[23:14:50:830] [ERROR] - com.spring.boot.log4j2.HelloController.hello(HelloController.java:22) - error 日志...
[23:14:51:016] [INFO] - com.spring.boot.log4j2.HelloController.hello(HelloController.java:20) - info 日志..... 
[23:14:51:016] [WARN] - com.spring.boot.log4j2.HelloController.hello(HelloController.java:21) - warn 日志...
[23:14:51:017] [ERROR] - com.spring.boot.log4j2.HelloController.hello(HelloController.java:22) - error 日志...
[23:14:51:161] [INFO] - com.spring.boot.log4j2.HelloController.hello(HelloController.java:20) - info 日志..... 
[23:14:51:162] [WARN] - com.spring.boot.log4j2.HelloController.hello(HelloController.java:21) - warn 日志...
[23:14:51:162] [ERROR] - com.spring.boot.log4j2.HelloController.hello(HelloController.java:22) - error 日志...
[23:14:51:342] [INFO] - com.spring.boot.log4j2.HelloController.hello(HelloController.java:20) - info 日志..... 
[23:14:51:343] [WARN] - com.spring.boot.log4j2.HelloController.hello(HelloController.java:21) - warn 日志...
[23:14:51:343] [ERROR] - com.spring.boot.log4j2.HelloController.hello(HelloController.java:22) - error 日志...
[23:17:04:732] [INFO] - org.springframework.boot.StartupInfoLogger.logStarting(StartupInfoLogger.java:51) - Starting SpringBootLog4j2Application using Java 17.0.2 with PID 15171 (/Users/lizhifu/Documents/workspace/spring-learn/spring-boot-log4j2/target/classes started by lizhifu in /Users/lizhifu/Documents/workspace/spring-learn)
[23:17:04:738] [INFO] - org.springframework.boot.SpringApplication.logStartupProfileInfo(SpringApplication.java:633) - No active profile set, falling back to 1 default profile: "default"
[23:17:05:554] [INFO] - org.springframework.boot.web.embedded.tomcat.TomcatWebServer.initialize(TomcatWebServer.java:108) - Tomcat initialized with port(s): 8080 (http)
[23:17:05:572] [INFO] - org.apache.juli.logging.DirectJDKLog.log(DirectJDKLog.java:173) - Initializing ProtocolHandler ["http-nio-8080"]
[23:17:05:573] [INFO] - org.apache.juli.logging.DirectJDKLog.log(DirectJDKLog.java:173) - Starting service [Tomcat]
[23:17:05:574] [INFO] - org.apache.juli.logging.DirectJDKLog.log(DirectJDKLog.java:173) - Starting Servlet engine: [Apache Tomcat/10.1.8]
[23:17:05:657] [INFO] - org.apache.juli.logging.DirectJDKLog.log(DirectJDKLog.java:173) - Initializing Spring embedded WebApplicationContext
[23:17:05:658] [INFO] - org.springframework.boot.web.servlet.context.ServletWebServerApplicationContext.prepareWebApplicationContext(ServletWebServerApplicationContext.java:291) - Root WebApplicationContext: initialization completed in 885 ms
[23:17:05:981] [INFO] - org.apache.juli.logging.DirectJDKLog.log(DirectJDKLog.java:173) - Starting ProtocolHandler ["http-nio-8080"]
[23:17:05:998] [INFO] - org.springframework.boot.web.embedded.tomcat.TomcatWebServer.start(TomcatWebServer.java:220) - Tomcat started on port(s): 8080 (http) with context path ''
[23:17:06:005] [INFO] - org.springframework.boot.StartupInfoLogger.logStarted(StartupInfoLogger.java:57) - Started SpringBootLog4j2Application in 1.772 seconds (process running for 2.68)
[23:17:08:934] [INFO] - org.apache.juli.logging.DirectJDKLog.log(DirectJDKLog.java:173) - Initializing Spring DispatcherServlet 'dispatcherServlet'
[23:17:08:935] [INFO] - org.springframework.web.servlet.FrameworkServlet.initServletBean(FrameworkServlet.java:532) - Initializing Servlet 'dispatcherServlet'
[23:17:08:936] [INFO] - org.springframework.web.servlet.FrameworkServlet.initServletBean(FrameworkServlet.java:554) - Completed initialization in 1 ms
[23:17:08:963] [INFO] - com.spring.boot.log4j2.HelloController.hello(HelloController.java:20) - info 日志..... 
[23:17:08:963] [WARN] - com.spring.boot.log4j2.HelloController.hello(HelloController.java:21) - warn 日志...
[23:17:08:964] [ERROR] - com.spring.boot.log4j2.HelloController.hello(HelloController.java:22) - error 日志...
[23:17:09:466] [INFO] - com.spring.boot.log4j2.HelloController.hello(HelloController.java:20) - info 日志..... 
[23:17:09:467] [WARN] - com.spring.boot.log4j2.HelloController.hello(HelloController.java:21) - warn 日志...
[23:17:09:467] [ERROR] - com.spring.boot.log4j2.HelloController.hello(HelloController.java:22) - error 日志...
[23:17:09:682] [INFO] - com.spring.boot.log4j2.HelloController.hello(HelloController.java:20) - info 日志..... 
[23:17:09:683] [WARN] - com.spring.boot.log4j2.HelloController.hello(HelloController.java:21) - warn 日志...
[23:17:09:684] [ERROR] - com.spring.boot.log4j2.HelloController.hello(HelloController.java:22) - error 日志...
[23:17:09:842] [INFO] - com.spring.boot.log4j2.HelloController.hello(HelloController.java:20) - info 日志..... 
[23:17:09:842] [WARN] - com.spring.boot.log4j2.HelloController.hello(HelloController.java:21) - warn 日志...
[23:17:09:843] [ERROR] - com.spring.boot.log4j2.HelloController.hello(HelloController.java:22) - error 日志...
[23:17:10:039] [INFO] - com.spring.boot.log4j2.HelloController.hello(HelloController.java:20) - info 日志..... 
[23:17:10:039] [WARN] - com.spring.boot.log4j2.HelloController.hello(HelloController.java:21) - warn 日志...
[23:17:10:040] [ERROR] - com.spring.boot.log4j2.HelloController.hello(HelloController.java:22) - error 日志...
[23:17:46:983] [INFO] - org.springframework.boot.StartupInfoLogger.logStarting(StartupInfoLogger.java:51) - Starting SpringBootLog4j2Application using Java 17.0.2 with PID 15180 (/Users/lizhifu/Documents/workspace/spring-learn/spring-boot-log4j2/target/classes started by lizhifu in /Users/lizhifu/Documents/workspace/spring-learn)
[23:17:46:993] [INFO] - org.springframework.boot.SpringApplication.logStartupProfileInfo(SpringApplication.java:633) - No active profile set, falling back to 1 default profile: "default"
[23:17:47:939] [INFO] - org.springframework.boot.web.embedded.tomcat.TomcatWebServer.initialize(TomcatWebServer.java:108) - Tomcat initialized with port(s): 8080 (http)
[23:17:47:949] [INFO] - org.apache.juli.logging.DirectJDKLog.log(DirectJDKLog.java:173) - Initializing ProtocolHandler ["http-nio-8080"]
[23:17:47:950] [INFO] - org.apache.juli.logging.DirectJDKLog.log(DirectJDKLog.java:173) - Starting service [Tomcat]
[23:17:47:951] [INFO] - org.apache.juli.logging.DirectJDKLog.log(DirectJDKLog.java:173) - Starting Servlet engine: [Apache Tomcat/10.1.8]
[23:17:48:018] [INFO] - org.apache.juli.logging.DirectJDKLog.log(DirectJDKLog.java:173) - Initializing Spring embedded WebApplicationContext
[23:17:48:018] [INFO] - org.springframework.boot.web.servlet.context.ServletWebServerApplicationContext.prepareWebApplicationContext(ServletWebServerApplicationContext.java:291) - Root WebApplicationContext: initialization completed in 978 ms
[23:17:48:312] [INFO] - org.apache.juli.logging.DirectJDKLog.log(DirectJDKLog.java:173) - Starting ProtocolHandler ["http-nio-8080"]
[23:17:48:325] [INFO] - org.springframework.boot.web.embedded.tomcat.TomcatWebServer.start(TomcatWebServer.java:220) - Tomcat started on port(s): 8080 (http) with context path ''
[23:17:48:333] [INFO] - org.springframework.boot.StartupInfoLogger.logStarted(StartupInfoLogger.java:57) - Started SpringBootLog4j2Application in 1.939 seconds (process running for 3.008)
[23:18:41:351] [INFO] - org.springframework.boot.StartupInfoLogger.logStarting(StartupInfoLogger.java:51) - Starting SpringBootLog4j2Application using Java 17.0.2 with PID 15194 (/Users/lizhifu/Documents/workspace/spring-learn/spring-boot-log4j2/target/classes started by lizhifu in /Users/lizhifu/Documents/workspace/spring-learn)
[23:18:41:359] [INFO] - org.springframework.boot.SpringApplication.logStartupProfileInfo(SpringApplication.java:633) - No active profile set, falling back to 1 default profile: "default"
[23:18:42:309] [INFO] - org.springframework.boot.web.embedded.tomcat.TomcatWebServer.initialize(TomcatWebServer.java:108) - Tomcat initialized with port(s): 8080 (http)
[23:18:42:319] [INFO] - org.apache.juli.logging.DirectJDKLog.log(DirectJDKLog.java:173) - Initializing ProtocolHandler ["http-nio-8080"]
[23:18:42:320] [INFO] - org.apache.juli.logging.DirectJDKLog.log(DirectJDKLog.java:173) - Starting service [Tomcat]
[23:18:42:321] [INFO] - org.apache.juli.logging.DirectJDKLog.log(DirectJDKLog.java:173) - Starting Servlet engine: [Apache Tomcat/10.1.8]
[23:18:42:397] [INFO] - org.apache.juli.logging.DirectJDKLog.log(DirectJDKLog.java:173) - Initializing Spring embedded WebApplicationContext
[23:18:42:398] [INFO] - org.springframework.boot.web.servlet.context.ServletWebServerApplicationContext.prepareWebApplicationContext(ServletWebServerApplicationContext.java:291) - Root WebApplicationContext: initialization completed in 961 ms
[23:18:42:813] [INFO] - org.apache.juli.logging.DirectJDKLog.log(DirectJDKLog.java:173) - Starting ProtocolHandler ["http-nio-8080"]
[23:18:42:827] [INFO] - org.springframework.boot.web.embedded.tomcat.TomcatWebServer.start(TomcatWebServer.java:220) - Tomcat started on port(s): 8080 (http) with context path ''
[23:18:42:835] [INFO] - org.springframework.boot.StartupInfoLogger.logStarted(StartupInfoLogger.java:57) - Started SpringBootLog4j2Application in 2.097 seconds (process running for 3.118)
[23:19:39:354] [INFO] - org.apache.juli.logging.DirectJDKLog.log(DirectJDKLog.java:173) - Initializing Spring DispatcherServlet 'dispatcherServlet'
[23:19:39:354] [INFO] - org.springframework.web.servlet.FrameworkServlet.initServletBean(FrameworkServlet.java:532) - Initializing Servlet 'dispatcherServlet'
[23:19:39:356] [INFO] - org.springframework.web.servlet.FrameworkServlet.initServletBean(FrameworkServlet.java:554) - Completed initialization in 1 ms
[23:19:39:389] [INFO] - com.spring.boot.log4j2.HelloController.hello(HelloController.java:20) - info 日志..... 
[23:19:39:389] [WARN] - com.spring.boot.log4j2.HelloController.hello(HelloController.java:21) - warn 日志...
[23:19:39:389] [ERROR] - com.spring.boot.log4j2.HelloController.hello(HelloController.java:22) - error 日志...
[23:19:39:540] [INFO] - com.spring.boot.log4j2.HelloController.hello(HelloController.java:20) - info 日志..... 
[23:19:39:541] [WARN] - com.spring.boot.log4j2.HelloController.hello(HelloController.java:21) - warn 日志...
[23:19:39:541] [ERROR] - com.spring.boot.log4j2.HelloController.hello(HelloController.java:22) - error 日志...
[23:19:39:714] [INFO] - com.spring.boot.log4j2.HelloController.hello(HelloController.java:20) - info 日志..... 
[23:19:39:714] [WARN] - com.spring.boot.log4j2.HelloController.hello(HelloController.java:21) - warn 日志...
[23:19:39:714] [ERROR] - com.spring.boot.log4j2.HelloController.hello(HelloController.java:22) - error 日志...
[23:19:39:870] [INFO] - com.spring.boot.log4j2.HelloController.hello(HelloController.java:20) - info 日志..... 
[23:19:39:871] [WARN] - com.spring.boot.log4j2.HelloController.hello(HelloController.java:21) - warn 日志...
[23:19:39:871] [ERROR] - com.spring.boot.log4j2.HelloController.hello(HelloController.java:22) - error 日志...
[23:19:40:124] [INFO] - com.spring.boot.log4j2.HelloController.hello(HelloController.java:20) - info 日志..... 
[23:19:40:124] [WARN] - com.spring.boot.log4j2.HelloController.hello(HelloController.java:21) - warn 日志...
[23:19:40:125] [ERROR] - com.spring.boot.log4j2.HelloController.hello(HelloController.java:22) - error 日志...
