[23:27:29:338] [INFO] - org.springframework.boot.StartupInfoLogger.logStarting(StartupInfoLogger.java:51) - Starting SpringBootLog4j2Application using Java 17.0.2 with PID 15319 (/Users/lizhifu/Documents/workspace/spring-learn/spring-boot-log4j2/target/classes started by lizhifu in /Users/lizhifu/Documents/workspace/spring-learn)
[23:27:29:348] [INFO] - org.springframework.boot.SpringApplication.logStartupProfileInfo(SpringApplication.java:633) - No active profile set, falling back to 1 default profile: "default"
[23:27:30:223] [INFO] - org.springframework.boot.web.embedded.tomcat.TomcatWebServer.initialize(TomcatWebServer.java:108) - Tomcat initialized with port(s): 8080 (http)
[23:27:30:232] [INFO] - org.apache.juli.logging.DirectJDKLog.log(DirectJDKLog.java:173) - Initializing ProtocolHandler ["http-nio-8080"]
[23:27:30:233] [INFO] - org.apache.juli.logging.DirectJDKLog.log(DirectJDKLog.java:173) - Starting service [Tomcat]
[23:27:30:234] [INFO] - org.apache.juli.logging.DirectJDKLog.log(DirectJDKLog.java:173) - Starting Servlet engine: [Apache Tomcat/10.1.8]
[23:27:30:304] [INFO] - org.apache.juli.logging.DirectJDKLog.log(DirectJDKLog.java:173) - Initializing Spring embedded WebApplicationContext
[23:27:30:305] [INFO] - org.springframework.boot.web.servlet.context.ServletWebServerApplicationContext.prepareWebApplicationContext(ServletWebServerApplicationContext.java:291) - Root WebApplicationContext: initialization completed in 906 ms
[23:27:30:611] [INFO] - org.apache.juli.logging.DirectJDKLog.log(DirectJDKLog.java:173) - Starting ProtocolHandler ["http-nio-8080"]
[23:27:30:627] [INFO] - org.springframework.boot.web.embedded.tomcat.TomcatWebServer.start(TomcatWebServer.java:220) - Tomcat started on port(s): 8080 (http) with context path ''
[23:27:30:635] [INFO] - org.springframework.boot.StartupInfoLogger.logStarted(StartupInfoLogger.java:57) - Started SpringBootLog4j2Application in 1.87 seconds (process running for 2.952)
[23:27:59:679] [INFO] - org.apache.juli.logging.DirectJDKLog.log(DirectJDKLog.java:173) - Initializing Spring DispatcherServlet 'dispatcherServlet'
[23:27:59:680] [INFO] - org.springframework.web.servlet.FrameworkServlet.initServletBean(FrameworkServlet.java:532) - Initializing Servlet 'dispatcherServlet'
[23:27:59:681] [INFO] - org.springframework.web.servlet.FrameworkServlet.initServletBean(FrameworkServlet.java:554) - Completed initialization in 0 ms
[23:27:59:708] [INFO] - com.spring.boot.log4j2.HelloController.hello(HelloController.java:20) - info 日志..... 
[23:27:59:708] [WARN] - com.spring.boot.log4j2.HelloController.hello(HelloController.java:21) - warn 日志...
[23:27:59:709] [ERROR] - com.spring.boot.log4j2.HelloController.hello(HelloController.java:22) - error 日志...
[23:29:58:570] [INFO] - com.spring.boot.log4j2.HelloController.hello(HelloController.java:20) - info 日志..... 
[23:29:58:571] [WARN] - com.spring.boot.log4j2.HelloController.hello(HelloController.java:21) - warn 日志...
[23:29:58:571] [ERROR] - com.spring.boot.log4j2.HelloController.hello(HelloController.java:22) - error 日志...
[23:29:58:763] [INFO] - com.spring.boot.log4j2.HelloController.hello(HelloController.java:20) - info 日志..... 
[23:29:58:763] [WARN] - com.spring.boot.log4j2.HelloController.hello(HelloController.java:21) - warn 日志...
[23:29:58:764] [ERROR] - com.spring.boot.log4j2.HelloController.hello(HelloController.java:22) - error 日志...
[23:29:58:932] [INFO] - com.spring.boot.log4j2.HelloController.hello(HelloController.java:20) - info 日志..... 
[23:29:58:933] [WARN] - com.spring.boot.log4j2.HelloController.hello(HelloController.java:21) - warn 日志...
[23:29:58:933] [ERROR] - com.spring.boot.log4j2.HelloController.hello(HelloController.java:22) - error 日志...
[23:29:59:073] [INFO] - com.spring.boot.log4j2.HelloController.hello(HelloController.java:20) - info 日志..... 
[23:29:59:074] [WARN] - com.spring.boot.log4j2.HelloController.hello(HelloController.java:21) - warn 日志...
[23:29:59:075] [ERROR] - com.spring.boot.log4j2.HelloController.hello(HelloController.java:22) - error 日志...
2023-06-11 23:30:09 INFO  [main][org.springframework.boot.StartupInfoLogger:51] - Starting SpringBootLog4j2Application using Java 17.0.2 with PID 15366 (/Users/lizhifu/Documents/workspace/spring-learn/spring-boot-log4j2/target/classes started by lizhifu in /Users/lizhifu/Documents/workspace/spring-learn)
2023-06-11 23:30:09 INFO  [main][org.springframework.boot.SpringApplication:633] - No active profile set, falling back to 1 default profile: "default"
2023-06-11 23:30:10 INFO  [main][org.springframework.boot.web.embedded.tomcat.TomcatWebServer:108] - Tomcat initialized with port(s): 8080 (http)
2023-06-11 23:30:10 INFO  [main][org.apache.juli.logging.DirectJDKLog:173] - Initializing ProtocolHandler ["http-nio-8080"]
2023-06-11 23:30:10 INFO  [main][org.apache.juli.logging.DirectJDKLog:173] - Starting service [Tomcat]
2023-06-11 23:30:10 INFO  [main][org.apache.juli.logging.DirectJDKLog:173] - Starting Servlet engine: [Apache Tomcat/10.1.8]
2023-06-11 23:30:10 INFO  [main][org.apache.juli.logging.DirectJDKLog:173] - Initializing Spring embedded WebApplicationContext
2023-06-11 23:30:10 INFO  [main][org.springframework.boot.web.servlet.context.ServletWebServerApplicationContext:291] - Root WebApplicationContext: initialization completed in 840 ms
2023-06-11 23:30:11 INFO  [main][org.apache.juli.logging.DirectJDKLog:173] - Starting ProtocolHandler ["http-nio-8080"]
2023-06-11 23:30:11 INFO  [main][org.springframework.boot.web.embedded.tomcat.TomcatWebServer:220] - Tomcat started on port(s): 8080 (http) with context path ''
2023-06-11 23:30:11 INFO  [main][org.springframework.boot.StartupInfoLogger:57] - Started SpringBootLog4j2Application in 1.737 seconds (process running for 2.796)
2023-06-11 23:30:24 INFO  [http-nio-8080-exec-1][org.apache.juli.logging.DirectJDKLog:173] - Initializing Spring DispatcherServlet 'dispatcherServlet'
2023-06-11 23:30:24 INFO  [http-nio-8080-exec-1][org.springframework.web.servlet.FrameworkServlet:532] - Initializing Servlet 'dispatcherServlet'
2023-06-11 23:30:24 INFO  [http-nio-8080-exec-1][org.springframework.web.servlet.FrameworkServlet:554] - Completed initialization in 0 ms
2023-06-11 23:30:24 INFO  [http-nio-8080-exec-1][com.spring.boot.log4j2.HelloController:20] - info 日志..... 
2023-06-11 23:30:24 WARN  [http-nio-8080-exec-1][com.spring.boot.log4j2.HelloController:21] - warn 日志...
2023-06-11 23:30:24 ERROR [http-nio-8080-exec-1][com.spring.boot.log4j2.HelloController:22] - error 日志...
2023-06-11 23:30:24 INFO  [http-nio-8080-exec-2][com.spring.boot.log4j2.HelloController:20] - info 日志..... 
2023-06-11 23:30:24 WARN  [http-nio-8080-exec-2][com.spring.boot.log4j2.HelloController:21] - warn 日志...
2023-06-11 23:30:24 ERROR [http-nio-8080-exec-2][com.spring.boot.log4j2.HelloController:22] - error 日志...
2023-06-11 23:30:25 INFO  [http-nio-8080-exec-3][com.spring.boot.log4j2.HelloController:20] - info 日志..... 
2023-06-11 23:30:25 WARN  [http-nio-8080-exec-3][com.spring.boot.log4j2.HelloController:21] - warn 日志...
2023-06-11 23:30:25 ERROR [http-nio-8080-exec-3][com.spring.boot.log4j2.HelloController:22] - error 日志...
2023-06-11 23:30:25 INFO  [http-nio-8080-exec-4][com.spring.boot.log4j2.HelloController:20] - info 日志..... 
2023-06-11 23:30:25 WARN  [http-nio-8080-exec-4][com.spring.boot.log4j2.HelloController:21] - warn 日志...
2023-06-11 23:30:25 ERROR [http-nio-8080-exec-4][com.spring.boot.log4j2.HelloController:22] - error 日志...
